#
# There is insufficient memory for the Java Runtime Environment to continue.
# Native memory allocation (malloc) failed to allocate 221248 bytes. Error detail: Chunk::new
# Possible reasons:
#   The system is out of physical RAM or swap space
#   This process is running with CompressedOops enabled, and the Java Heap may be blocking the growth of the native heap
# Possible solutions:
#   Reduce memory load on the system
#   Increase physical memory or swap space
#   Check if swap backing store is full
#   Decrease Java heap size (-Xmx/-Xms)
#   Decrease number of Java threads
#   Decrease Java thread stack sizes (-Xss)
#   Set larger code cache with -XX:ReservedCodeCacheSize=
#   JVM is running with Unscaled Compressed Oops mode in which the Java heap is
#     placed in the first 4GB address space. The Java Heap base address is the
#     maximum limit for the native heap growth. Please use -XX:HeapBaseMinAddress
#     to set the Java Heap base and to place the Java Heap above 4GB virtual address.
# This output file may be truncated or incomplete.
#
#  Out of Memory Error (arena.cpp:191), pid=28988, tid=13372
#
# JRE version: OpenJDK Runtime Environment Temurin-17.0.13+11 (17.0.13+11) (build 17.0.13+11)
# Java VM: OpenJDK 64-Bit Server VM Temurin-17.0.13+11 (17.0.13+11, mixed mode, tiered, compressed oops, compressed class ptrs, parallel gc, windows-amd64)
# No core dump will be written. Minidumps are not enabled by default on client versions of Windows
#

---------------  S U M M A R Y ------------

Command Line: --add-modules=ALL-SYSTEM --add-opens=java.base/java.util=ALL-UNNAMED --add-opens=java.base/java.lang=ALL-UNNAMED --add-opens=java.base/sun.nio.fs=ALL-UNNAMED -Declipse.application=org.eclipse.jdt.ls.core.id1 -Dosgi.bundles.defaultStartLevel=4 -Declipse.product=org.eclipse.jdt.ls.core.product -Djava.import.generatesMetadataFilesAtProjectRoot=false -DDetectVMInstallationsJob.disabled=true -Dfile.encoding=utf8 -XX:+UseParallelGC -XX:GCTimeRatio=4 -XX:AdaptiveSizePolicyWeight=90 -Dsun.zip.disableMemoryMapping=true -Xmx1G -Xms100m -Xlog:disable -javaagent:c:\Users\PC\.vscode\extensions\redhat.java-1.36.0-win32-x64\lombok\lombok-1.18.35.jar -XX:+HeapDumpOnOutOfMemoryError -XX:HeapDumpPath=c:\Users\PC\AppData\Roaming\Code\User\workspaceStorage\772a5dec34df5f15b06eabc613063c15\redhat.java -Daether.dependencyCollector.impl=bf c:\Users\PC\.vscode\extensions\redhat.java-1.36.0-win32-x64\server\plugins\org.eclipse.equinox.launcher_1.6.900.v20240613-2009.jar -configuration c:\Users\PC\AppData\Roaming\Code\User\globalStorage\redhat.java\1.36.0\config_win -data c:\Users\PC\AppData\Roaming\Code\User\workspaceStorage\772a5dec34df5f15b06eabc613063c15\redhat.java\jdt_ws --pipe=\\.\pipe\lsp-f93c3b391c60d82efc8e9243b89ae02d-sock

Host: 12th Gen Intel(R) Core(TM) i5-12500H, 16 cores, 15G,  Windows 11 , 64 bit Build 22000 (10.0.22000.2538)
Time: Sat Nov  2 01:27:44 2024 SE Asia Standard Time elapsed time: 119.787668 seconds (0d 0h 1m 59s)

---------------  T H R E A D  ---------------

Current thread (0x000001a27ee79570):  JavaThread "C2 CompilerThread0" daemon [_thread_in_native, id=13372, stack(0x0000005631000000,0x0000005631100000)]


Current CompileTask:
C2: 119787 13664       4       org.eclipse.jdt.internal.core.index.MemoryIndex::addIndexEntry (118 bytes)

Stack: [0x0000005631000000,0x0000005631100000]
Native frames: (J=compiled Java code, j=interpreted, Vv=VM code, C=native code)
V  [jvm.dll+0x682a19]
V  [jvm.dll+0x839538]
V  [jvm.dll+0x83afe3]
V  [jvm.dll+0x83b653]
V  [jvm.dll+0x24704f]
V  [jvm.dll+0xace34]
V  [jvm.dll+0xad4cc]
V  [jvm.dll+0x36597e]
V  [jvm.dll+0x1ba793]
V  [jvm.dll+0x2181a7]
V  [jvm.dll+0x21748f]
V  [jvm.dll+0x1a3070]
V  [jvm.dll+0x22788c]
V  [jvm.dll+0x2259eb]
V  [jvm.dll+0x7eec98]
V  [jvm.dll+0x7e8ffc]
V  [jvm.dll+0x6818f7]
C  [ucrtbase.dll+0x26c0c]
C  [KERNEL32.DLL+0x153e0]
C  [ntdll.dll+0x485b]


---------------  P R O C E S S  ---------------

Threads class SMR info:
_java_thread_list=0x000001a217c41a60, length=65, elements={
0x000001a279fefe70, 0x000001a27ee74010, 0x000001a27a09b6c0, 0x000001a2130f98a0,
0x000001a27ee76500, 0x000001a27ee77090, 0x000001a27ee78970, 0x000001a27ee79570,
0x000001a27ee7ea50, 0x000001a21318eab0, 0x000001a21323e0c0, 0x000001a2133f6420,
0x000001a2157023f0, 0x000001a215718c70, 0x000001a215537f10, 0x000001a215318df0,
0x000001a2154926b0, 0x000001a215c2c310, 0x000001a215c29070, 0x000001a215c2a4b0,
0x000001a215c2b3e0, 0x000001a215c29a90, 0x000001a215c2be00, 0x000001a215c29fa0,
0x000001a215c2a9c0, 0x000001a215c2b8f0, 0x000001a215c2aed0, 0x000001a217871070,
0x000001a2178738f0, 0x000001a2178729c0, 0x000001a217873e00, 0x000001a21786cea0,
0x000001a217870140, 0x000001a217874310, 0x000001a217874820, 0x000001a21786f210,
0x000001a21786f720, 0x000001a21786ddd0, 0x000001a21786d3b0, 0x000001a217871580,
0x000001a21786fc30, 0x000001a217872ed0, 0x000001a21786e2e0, 0x000001a2178733e0,
0x000001a2178724b0, 0x000001a21786d8c0, 0x000001a217870b60, 0x000001a21786e7f0,
0x000001a21786ed00, 0x000001a217870650, 0x000001a217871a90, 0x000001a217871fa0,
0x000001a215c2c820, 0x000001a2152d1290, 0x000001a2152ca330, 0x000001a2152cd0c0,
0x000001a2152cc190, 0x000001a2152d0d80, 0x000001a2152d0360, 0x000001a2152cb770,
0x000001a2152d17a0, 0x000001a2152cd5d0, 0x000001a2152cc6a0, 0x000001a2152ccbb0,
0x000001a2152cdae0
}

Java Threads: ( => current thread )
  0x000001a279fefe70 JavaThread "main" [_thread_blocked, id=15344, stack(0x0000005630700000,0x0000005630800000)]
  0x000001a27ee74010 JavaThread "Reference Handler" daemon [_thread_blocked, id=19848, stack(0x0000005630a00000,0x0000005630b00000)]
  0x000001a27a09b6c0 JavaThread "Finalizer" daemon [_thread_blocked, id=10112, stack(0x0000005630b00000,0x0000005630c00000)]
  0x000001a2130f98a0 JavaThread "Signal Dispatcher" daemon [_thread_blocked, id=11344, stack(0x0000005630c00000,0x0000005630d00000)]
  0x000001a27ee76500 JavaThread "Attach Listener" daemon [_thread_blocked, id=28016, stack(0x0000005630d00000,0x0000005630e00000)]
  0x000001a27ee77090 JavaThread "Service Thread" daemon [_thread_blocked, id=36188, stack(0x0000005630e00000,0x0000005630f00000)]
  0x000001a27ee78970 JavaThread "Monitor Deflation Thread" daemon [_thread_blocked, id=12004, stack(0x0000005630f00000,0x0000005631000000)]
=>0x000001a27ee79570 JavaThread "C2 CompilerThread0" daemon [_thread_in_native, id=13372, stack(0x0000005631000000,0x0000005631100000)]
  0x000001a27ee7ea50 JavaThread "C1 CompilerThread0" daemon [_thread_blocked, id=28304, stack(0x0000005631100000,0x0000005631200000)]
  0x000001a21318eab0 JavaThread "Sweeper thread" daemon [_thread_blocked, id=30844, stack(0x0000005631200000,0x0000005631300000)]
  0x000001a21323e0c0 JavaThread "Common-Cleaner" daemon [_thread_blocked, id=22228, stack(0x0000005631300000,0x0000005631400000)]
  0x000001a2133f6420 JavaThread "Notification Thread" daemon [_thread_blocked, id=21292, stack(0x0000005631400000,0x0000005631500000)]
  0x000001a2157023f0 JavaThread "Active Thread: Equinox Container: 72953e37-6a85-4923-a0a0-3e15da5c2ac9" [_thread_blocked, id=36660, stack(0x0000005631c00000,0x0000005631d00000)]
  0x000001a215718c70 JavaThread "Refresh Thread: Equinox Container: 72953e37-6a85-4923-a0a0-3e15da5c2ac9" daemon [_thread_blocked, id=19272, stack(0x0000005631e00000,0x0000005631f00000)]
  0x000001a215537f10 JavaThread "Framework Event Dispatcher: Equinox Container: 72953e37-6a85-4923-a0a0-3e15da5c2ac9" daemon [_thread_blocked, id=31180, stack(0x0000005631f00000,0x0000005632000000)]
  0x000001a215318df0 JavaThread "Start Level: Equinox Container: 72953e37-6a85-4923-a0a0-3e15da5c2ac9" daemon [_thread_blocked, id=32516, stack(0x0000005632000000,0x0000005632100000)]
  0x000001a2154926b0 JavaThread "Bundle File Closer" daemon [_thread_blocked, id=8908, stack(0x0000005631d00000,0x0000005631e00000)]
  0x000001a215c2c310 JavaThread "SCR Component Actor" daemon [_thread_blocked, id=35572, stack(0x0000005632300000,0x0000005632400000)]
  0x000001a215c29070 JavaThread "Worker-JM" [_thread_blocked, id=34020, stack(0x0000005632900000,0x0000005632a00000)]
  0x000001a215c2a4b0 JavaThread "JNA Cleaner" daemon [_thread_blocked, id=19248, stack(0x0000005632a00000,0x0000005632b00000)]
  0x000001a215c2b3e0 JavaThread "Worker-0: Refreshing workspace" [_thread_blocked, id=28660, stack(0x0000005632b00000,0x0000005632c00000)]
  0x000001a215c29a90 JavaThread "Worker-1" [_thread_blocked, id=16292, stack(0x0000005632c00000,0x0000005632d00000)]
  0x000001a215c2be00 JavaThread "Worker-2: Publish Diagnostics" [_thread_blocked, id=27076, stack(0x0000005632f00000,0x0000005633000000)]
  0x000001a215c29fa0 JavaThread "Java indexing" daemon [_thread_in_native, id=10160, stack(0x0000005632400000,0x0000005632500000)]
  0x000001a215c2a9c0 JavaThread "Thread-3" daemon [_thread_in_native, id=23724, stack(0x0000005633000000,0x0000005633100000)]
  0x000001a215c2b8f0 JavaThread "Thread-4" daemon [_thread_in_native, id=30904, stack(0x0000005633100000,0x0000005633200000)]
  0x000001a215c2aed0 JavaThread "Thread-5" daemon [_thread_in_native, id=11940, stack(0x0000005633200000,0x0000005633300000)]
  0x000001a217871070 JavaThread "Thread-6" daemon [_thread_in_native, id=30804, stack(0x0000005633300000,0x0000005633400000)]
  0x000001a2178738f0 JavaThread "Thread-7" daemon [_thread_in_native, id=25412, stack(0x0000005633400000,0x0000005633500000)]
  0x000001a2178729c0 JavaThread "Thread-8" daemon [_thread_in_native, id=25524, stack(0x0000005633500000,0x0000005633600000)]
  0x000001a217873e00 JavaThread "Thread-9" daemon [_thread_in_native, id=24760, stack(0x0000005633600000,0x0000005633700000)]
  0x000001a21786cea0 JavaThread "Thread-10" daemon [_thread_in_native, id=21480, stack(0x0000005633700000,0x0000005633800000)]
  0x000001a217870140 JavaThread "Thread-11" daemon [_thread_in_native, id=11636, stack(0x0000005633800000,0x0000005633900000)]
  0x000001a217874310 JavaThread "Thread-12" daemon [_thread_in_native, id=5812, stack(0x0000005633900000,0x0000005633a00000)]
  0x000001a217874820 JavaThread "Thread-13" daemon [_thread_in_native, id=8052, stack(0x0000005633a00000,0x0000005633b00000)]
  0x000001a21786f210 JavaThread "Thread-14" daemon [_thread_in_native, id=21124, stack(0x0000005633b00000,0x0000005633c00000)]
  0x000001a21786f720 JavaThread "Thread-15" daemon [_thread_in_native, id=16816, stack(0x0000005633c00000,0x0000005633d00000)]
  0x000001a21786ddd0 JavaThread "Thread-16" daemon [_thread_in_native, id=15496, stack(0x0000005633d00000,0x0000005633e00000)]
  0x000001a21786d3b0 JavaThread "Thread-17" daemon [_thread_in_native, id=29168, stack(0x0000005633e00000,0x0000005633f00000)]
  0x000001a217871580 JavaThread "Thread-18" daemon [_thread_in_native, id=13400, stack(0x0000005633f00000,0x0000005634000000)]
  0x000001a21786fc30 JavaThread "Thread-19" daemon [_thread_in_native, id=924, stack(0x0000005634000000,0x0000005634100000)]
  0x000001a217872ed0 JavaThread "pool-2-thread-1" [_thread_blocked, id=27920, stack(0x0000005634100000,0x0000005634200000)]
  0x000001a21786e2e0 JavaThread "Worker-3: Update Installed JREs" [_thread_blocked, id=35148, stack(0x0000005634200000,0x0000005634300000)]
  0x000001a2178733e0 JavaThread "WorkspaceEventsHandler" [_thread_blocked, id=11852, stack(0x0000005634300000,0x0000005634400000)]
  0x000001a2178724b0 JavaThread "pool-1-thread-1" [_thread_blocked, id=33544, stack(0x0000005634400000,0x0000005634500000)]
  0x000001a21786d8c0 JavaThread "Worker-4: Updating workspace" [_thread_blocked, id=5348, stack(0x0000005634500000,0x0000005634600000)]
  0x000001a217870b60 JavaThread "Worker-5: Update Maven project configuration" [_thread_blocked, id=25532, stack(0x0000005634600000,0x0000005634700000)]
  0x000001a21786e7f0 JavaThread "Worker-6: Initialize workspace" [_thread_blocked, id=36788, stack(0x0000005634700000,0x0000005634800000)]
  0x000001a21786ed00 JavaThread "Worker-7: Update Installed JREs" [_thread_blocked, id=5284, stack(0x0000005634800000,0x0000005634900000)]
  0x000001a217870650 JavaThread "ForkJoinPool.commonPool-worker-1" daemon [_thread_blocked, id=29092, stack(0x0000005634900000,0x0000005634a00000)]
  0x000001a217871a90 JavaThread "ForkJoinPool.commonPool-worker-2" daemon [_thread_blocked, id=24776, stack(0x0000005634a00000,0x0000005634b00000)]
  0x000001a217871fa0 JavaThread "ForkJoinPool.commonPool-worker-3" daemon [_thread_blocked, id=15328, stack(0x0000005634b00000,0x0000005634c00000)]
  0x000001a215c2c820 JavaThread "ForkJoinPool.commonPool-worker-4" daemon [_thread_blocked, id=15932, stack(0x0000005634c00000,0x0000005634d00000)]
  0x000001a2152d1290 JavaThread "ForkJoinPool.commonPool-worker-5" daemon [_thread_blocked, id=25220, stack(0x0000005634d00000,0x0000005634e00000)]
  0x000001a2152ca330 JavaThread "ForkJoinPool.commonPool-worker-6" daemon [_thread_blocked, id=29648, stack(0x0000005634e00000,0x0000005634f00000)]
  0x000001a2152cd0c0 JavaThread "ForkJoinPool.commonPool-worker-7" daemon [_thread_blocked, id=35664, stack(0x0000005634f00000,0x0000005635000000)]
  0x000001a2152cc190 JavaThread "Worker-8: Synchronizing projects" [_thread_blocked, id=33940, stack(0x0000005635000000,0x0000005635100000)]
  0x000001a2152d0d80 JavaThread "Worker-9: Java indexing... " [_thread_blocked, id=32244, stack(0x0000005635100000,0x0000005635200000)]
  0x000001a2152d0360 JavaThread "ForkJoinPool.commonPool-worker-8" daemon [_thread_blocked, id=29908, stack(0x0000005635200000,0x0000005635300000)]
  0x000001a2152cb770 JavaThread "ForkJoinPool.commonPool-worker-9" daemon [_thread_blocked, id=36680, stack(0x0000005635300000,0x0000005635400000)]
  0x000001a2152d17a0 JavaThread "ForkJoinPool.commonPool-worker-10" daemon [_thread_blocked, id=30560, stack(0x0000005635400000,0x0000005635500000)]
  0x000001a2152cd5d0 JavaThread "ForkJoinPool.commonPool-worker-11" daemon [_thread_blocked, id=10892, stack(0x0000005635500000,0x0000005635600000)]
  0x000001a2152cc6a0 JavaThread "ForkJoinPool.commonPool-worker-12" daemon [_thread_blocked, id=16052, stack(0x0000005635700000,0x0000005635800000)]
  0x000001a2152ccbb0 JavaThread "Cleaner-0" daemon [_thread_blocked, id=23008, stack(0x0000005635800000,0x0000005635900000)]
  0x000001a2152cdae0 JavaThread "Worker-10" [_thread_blocked, id=22004, stack(0x0000005635600000,0x0000005635700000)]

Other Threads:
  0x000001a27ee611f0 VMThread "VM Thread" [stack: 0x0000005630900000,0x0000005630a00000] [id=12532]
  0x000001a2150c4440 WatcherThread [stack: 0x0000005631500000,0x0000005631600000] [id=34352]
  0x000001a27a003be0 GCTaskThread "GC Thread#0" [stack: 0x0000005630800000,0x0000005630900000] [id=22484]
  0x000001a2155aa1f0 GCTaskThread "GC Thread#1" [stack: 0x0000005631600000,0x0000005631700000] [id=27452]
  0x000001a215a92a30 GCTaskThread "GC Thread#2" [stack: 0x0000005631700000,0x0000005631800000] [id=31948]
  0x000001a215a92cf0 GCTaskThread "GC Thread#3" [stack: 0x0000005631800000,0x0000005631900000] [id=10636]
  0x000001a215897090 GCTaskThread "GC Thread#4" [stack: 0x0000005631900000,0x0000005631a00000] [id=2172]
  0x000001a215897350 GCTaskThread "GC Thread#5" [stack: 0x0000005631a00000,0x0000005631b00000] [id=32992]
  0x000001a215897610 GCTaskThread "GC Thread#6" [stack: 0x0000005631b00000,0x0000005631c00000] [id=22148]
  0x000001a215afccf0 GCTaskThread "GC Thread#7" [stack: 0x0000005632100000,0x0000005632200000] [id=19468]
  0x000001a215bd3ce0 GCTaskThread "GC Thread#8" [stack: 0x0000005632200000,0x0000005632300000] [id=33672]
  0x000001a2157f3740 GCTaskThread "GC Thread#9" [stack: 0x0000005632500000,0x0000005632600000] [id=25660]
  0x000001a2157f3a00 GCTaskThread "GC Thread#10" [stack: 0x0000005632600000,0x0000005632700000] [id=10936]
  0x000001a2157f47c0 GCTaskThread "GC Thread#11" [stack: 0x0000005632700000,0x0000005632800000] [id=22516]
  0x000001a2157f4240 GCTaskThread "GC Thread#12" [stack: 0x0000005632800000,0x0000005632900000] [id=14352]

Threads with active compile tasks:
C2 CompilerThread0   119815 13664       4       org.eclipse.jdt.internal.core.index.MemoryIndex::addIndexEntry (118 bytes)

VM state: not at safepoint (normal execution)

VM Mutex/Monitor currently owned by a thread: None

Heap address: 0x00000000c0000000, size: 1024 MB, Compressed Oops mode: 32-bit

CDS archive(s) not mapped
Compressed class space mapped at: 0x0000000100000000-0x0000000140000000, reserved size: 1073741824
Narrow klass base: 0x0000000000000000, Narrow klass shift: 3, Narrow klass range: 0x140000000

GC Precious Log:
 CPUs: 16 total, 16 available
 Memory: 16075M
 Large Page Support: Disabled
 NUMA Support: Disabled
 Compressed Oops: Enabled (32-bit)
 Alignments: Space 512K, Generation 512K, Heap 2M
 Heap Min Capacity: 100M
 Heap Initial Capacity: 100M
 Heap Max Capacity: 1G
 Pre-touch: Disabled
 Parallel Workers: 13

Heap:
 PSYoungGen      total 2048K, used 1393K [0x00000000eab00000, 0x00000000ead80000, 0x0000000100000000)
  eden space 1536K, 57% used [0x00000000eab00000,0x00000000eabdc768,0x00000000eac80000)
  from space 512K, 100% used [0x00000000ead00000,0x00000000ead80000,0x00000000ead80000)
  to   space 512K, 0% used [0x00000000eac80000,0x00000000eac80000,0x00000000ead00000)
 ParOldGen       total 579072K, used 562199K [0x00000000c0000000, 0x00000000e3580000, 0x00000000eab00000)
  object space 579072K, 97% used [0x00000000c0000000,0x00000000e2505e30,0x00000000e3580000)
 Metaspace       used 75674K, committed 77120K, reserved 1179648K
  class space    used 7758K, committed 8320K, reserved 1048576K

Card table byte_map: [0x000001a279980000,0x000001a279b90000] _byte_map_base: 0x000001a279380000

Marking Bits: (ParMarkBitMap*) 0x00007ffd9afc6940
 Begin Bits: [0x000001a27cc80000, 0x000001a27dc80000)
 End Bits:   [0x000001a27dc80000, 0x000001a27ec80000)

Polling page: 0x000001a277fa0000

Metaspace:

Usage:
  Non-class:     66.32 MB used.
      Class:      7.58 MB used.
       Both:     73.90 MB used.

Virtual space:
  Non-class space:      128.00 MB reserved,      67.19 MB ( 52%) committed,  2 nodes.
      Class space:        1.00 GB reserved,       8.12 MB ( <1%) committed,  1 nodes.
             Both:        1.12 GB reserved,      75.31 MB (  7%) committed. 

Chunk freelists:
   Non-Class:  12.53 MB
       Class:  7.70 MB
        Both:  20.23 MB

MaxMetaspaceSize: unlimited
CompressedClassSpaceSize: 1.00 GB
Initial GC threshold: 21.00 MB
Current GC threshold: 125.31 MB
CDS: off
MetaspaceReclaimPolicy: balanced
 - commit_granule_bytes: 65536.
 - commit_granule_words: 8192.
 - virtual_space_node_default_size: 8388608.
 - enlarge_chunks_in_place: 1.
 - new_chunks_are_fully_committed: 0.
 - uncommit_free_chunks: 1.
 - use_allocation_guard: 0.
 - handle_deallocations: 1.


Internal statistics:

num_allocs_failed_limit: 9.
num_arena_births: 958.
num_arena_deaths: 20.
num_vsnodes_births: 3.
num_vsnodes_deaths: 0.
num_space_committed: 1205.
num_space_uncommitted: 0.
num_chunks_returned_to_freelist: 31.
num_chunks_taken_from_freelist: 4274.
num_chunk_merges: 16.
num_chunk_splits: 2574.
num_chunks_enlarged: 1360.
num_inconsistent_stats: 0.

CodeHeap 'non-profiled nmethods': size=119168Kb used=7357Kb max_used=7357Kb free=111810Kb
 bounds [0x000001a207ba0000, 0x000001a2082d0000, 0x000001a20f000000]
CodeHeap 'profiled nmethods': size=119104Kb used=23367Kb max_used=24426Kb free=95736Kb
 bounds [0x000001a200000000, 0x000001a201800000, 0x000001a207450000]
CodeHeap 'non-nmethods': size=7488Kb used=1389Kb max_used=2404Kb free=6098Kb
 bounds [0x000001a207450000, 0x000001a207730000, 0x000001a207ba0000]
 total_blobs=12243 nmethods=11497 adapters=658
 compilation: enabled
              stopped_count=0, restarted_count=0
 full_count=0

Compilation events (20 events):
Event: 119.716 Thread 0x000001a27ee79570 nmethod 13652 0x000001a2082ccf90 code [0x000001a2082cd140, 0x000001a2082cd808]
Event: 119.723 Thread 0x000001a27ee7ea50 13653       1       org.eclipse.jdt.internal.core.index.IndexQualifier::getCategory (5 bytes)
Event: 119.723 Thread 0x000001a27ee7ea50 nmethod 13653 0x000001a2082cdb90 code [0x000001a2082cdd20, 0x000001a2082cddf8]
Event: 119.723 Thread 0x000001a27ee7ea50 13655       3       org.eclipse.jdt.internal.core.index.MetaIndex::addIndexEntry (27 bytes)
Event: 119.724 Thread 0x000001a27ee7ea50 nmethod 13655 0x000001a20094b190 code [0x000001a20094b3e0, 0x000001a20094bda8]
Event: 119.724 Thread 0x000001a27ee7ea50 13654       1       org.eclipse.jdt.internal.core.index.IndexQualifier::getKey (5 bytes)
Event: 119.725 Thread 0x000001a27ee7ea50 nmethod 13654 0x000001a2082cde90 code [0x000001a2082ce020, 0x000001a2082ce0f8]
Event: 119.725 Thread 0x000001a27ee7ea50 13656       3       org.eclipse.jdt.internal.core.index.MetaIndex$$Lambda$723/0x000000010084c2c0::<init> (10 bytes)
Event: 119.725 Thread 0x000001a27ee7ea50 nmethod 13656 0x000001a201055710 code [0x000001a2010558a0, 0x000001a201055a18]
Event: 119.725 Thread 0x000001a27ee7ea50 13657   !   3       org.eclipse.jdt.internal.core.search.indexing.IndexManager::updateMetaIndex (209 bytes)
Event: 119.729 Thread 0x000001a27ee7ea50 nmethod 13657 0x000001a201010910 code [0x000001a201010ea0, 0x000001a201014168]
Event: 119.735 Thread 0x000001a27ee79570 13658       4       org.eclipse.jdt.internal.core.index.DiskIndex::readStreamDocumentArray (267 bytes)
Event: 119.738 Thread 0x000001a27ee7ea50 13660       3       org.eclipse.jdt.internal.core.index.DiskIndex::readStreamBuffer (76 bytes)
Event: 119.739 Thread 0x000001a27ee7ea50 nmethod 13660 0x000001a200c8b210 code [0x000001a200c8b3e0, 0x000001a200c8b868]
Event: 119.745 Thread 0x000001a27ee79570 nmethod 13658 0x000001a2082ce190 code [0x000001a2082ce320, 0x000001a2082ce868]
Event: 119.745 Thread 0x000001a27ee79570 13659       4       org.eclipse.jdt.internal.core.index.DiskIndex::readStreamInt (117 bytes)
Event: 119.747 Thread 0x000001a27ee79570 nmethod 13659 0x000001a2082cea90 code [0x000001a2082cec00, 0x000001a2082ced38]
Event: 119.747 Thread 0x000001a27ee79570 13661       4       org.eclipse.jdt.internal.core.index.DiskIndex::addQueryResult (173 bytes)
Event: 119.749 Thread 0x000001a27ee79570 nmethod 13661 0x000001a2082cee90 code [0x000001a2082cf020, 0x000001a2082cf288]
Event: 119.749 Thread 0x000001a27ee79570 13664       4       org.eclipse.jdt.internal.core.index.MemoryIndex::addIndexEntry (118 bytes)

GC Heap History (20 events):
Event: 117.372 GC heap before
{Heap before GC invocations=618 (full 14):
 PSYoungGen      total 2048K, used 1728K [0x00000000eab00000, 0x00000000eae80000, 0x0000000100000000)
  eden space 1024K, 100% used [0x00000000eab00000,0x00000000eac00000,0x00000000eac00000)
  from space 1024K, 68% used [0x00000000ead80000,0x00000000eae30000,0x00000000eae80000)
  to   space 1024K, 0% used [0x00000000eac80000,0x00000000eac80000,0x00000000ead80000)
 ParOldGen       total 579072K, used 555846K [0x00000000c0000000, 0x00000000e3580000, 0x00000000eab00000)
  object space 579072K, 95% used [0x00000000c0000000,0x00000000e1ed1890,0x00000000e3580000)
 Metaspace       used 75577K, committed 76992K, reserved 1179648K
  class space    used 7750K, committed 8320K, reserved 1048576K
}
Event: 117.376 GC heap after
{Heap after GC invocations=618 (full 14):
 PSYoungGen      total 2048K, used 992K [0x00000000eab00000, 0x00000000eaf00000, 0x0000000100000000)
  eden space 1024K, 0% used [0x00000000eab00000,0x00000000eab00000,0x00000000eac00000)
  from space 1024K, 96% used [0x00000000eac80000,0x00000000ead78000,0x00000000ead80000)
  to   space 1536K, 0% used [0x00000000ead80000,0x00000000ead80000,0x00000000eaf00000)
 ParOldGen       total 579072K, used 556390K [0x00000000c0000000, 0x00000000e3580000, 0x00000000eab00000)
  object space 579072K, 96% used [0x00000000c0000000,0x00000000e1f59890,0x00000000e3580000)
 Metaspace       used 75577K, committed 76992K, reserved 1179648K
  class space    used 7750K, committed 8320K, reserved 1048576K
}
Event: 117.388 GC heap before
{Heap before GC invocations=619 (full 14):
 PSYoungGen      total 2048K, used 2016K [0x00000000eab00000, 0x00000000eaf00000, 0x0000000100000000)
  eden space 1024K, 100% used [0x00000000eab00000,0x00000000eac00000,0x00000000eac00000)
  from space 1024K, 96% used [0x00000000eac80000,0x00000000ead78000,0x00000000ead80000)
  to   space 1536K, 0% used [0x00000000ead80000,0x00000000ead80000,0x00000000eaf00000)
 ParOldGen       total 579072K, used 556390K [0x00000000c0000000, 0x00000000e3580000, 0x00000000eab00000)
  object space 579072K, 96% used [0x00000000c0000000,0x00000000e1f59890,0x00000000e3580000)
 Metaspace       used 75577K, committed 76992K, reserved 1179648K
  class space    used 7750K, committed 8320K, reserved 1048576K
}
Event: 117.393 GC heap after
{Heap after GC invocations=619 (full 14):
 PSYoungGen      total 2048K, used 992K [0x00000000eab00000, 0x00000000eae80000, 0x0000000100000000)
  eden space 1024K, 0% used [0x00000000eab00000,0x00000000eab00000,0x00000000eac00000)
  from space 1024K, 96% used [0x00000000ead80000,0x00000000eae78000,0x00000000eae80000)
  to   space 1024K, 0% used [0x00000000eac80000,0x00000000eac80000,0x00000000ead80000)
 ParOldGen       total 579072K, used 557214K [0x00000000c0000000, 0x00000000e3580000, 0x00000000eab00000)
  object space 579072K, 96% used [0x00000000c0000000,0x00000000e2027890,0x00000000e3580000)
 Metaspace       used 75577K, committed 76992K, reserved 1179648K
  class space    used 7750K, committed 8320K, reserved 1048576K
}
Event: 118.776 GC heap before
{Heap before GC invocations=620 (full 14):
 PSYoungGen      total 2048K, used 2015K [0x00000000eab00000, 0x00000000eae80000, 0x0000000100000000)
  eden space 1024K, 99% used [0x00000000eab00000,0x00000000eabffff8,0x00000000eac00000)
  from space 1024K, 96% used [0x00000000ead80000,0x00000000eae78000,0x00000000eae80000)
  to   space 1024K, 0% used [0x00000000eac80000,0x00000000eac80000,0x00000000ead80000)
 ParOldGen       total 579072K, used 557214K [0x00000000c0000000, 0x00000000e3580000, 0x00000000eab00000)
  object space 579072K, 96% used [0x00000000c0000000,0x00000000e2027890,0x00000000e3580000)
 Metaspace       used 75577K, committed 76992K, reserved 1179648K
  class space    used 7750K, committed 8320K, reserved 1048576K
}
Event: 118.798 GC heap after
{Heap after GC invocations=620 (full 14):
 PSYoungGen      total 2048K, used 992K [0x00000000eab00000, 0x00000000eae00000, 0x0000000100000000)
  eden space 1024K, 0% used [0x00000000eab00000,0x00000000eab00000,0x00000000eac00000)
  from space 1024K, 96% used [0x00000000eac80000,0x00000000ead78000,0x00000000ead80000)
  to   space 512K, 0% used [0x00000000ead80000,0x00000000ead80000,0x00000000eae00000)
 ParOldGen       total 579072K, used 558070K [0x00000000c0000000, 0x00000000e3580000, 0x00000000eab00000)
  object space 579072K, 96% used [0x00000000c0000000,0x00000000e20fd890,0x00000000e3580000)
 Metaspace       used 75577K, committed 76992K, reserved 1179648K
  class space    used 7750K, committed 8320K, reserved 1048576K
}
Event: 119.120 GC heap before
{Heap before GC invocations=621 (full 14):
 PSYoungGen      total 2048K, used 2016K [0x00000000eab00000, 0x00000000eae00000, 0x0000000100000000)
  eden space 1024K, 100% used [0x00000000eab00000,0x00000000eac00000,0x00000000eac00000)
  from space 1024K, 96% used [0x00000000eac80000,0x00000000ead78000,0x00000000ead80000)
  to   space 512K, 0% used [0x00000000ead80000,0x00000000ead80000,0x00000000eae00000)
 ParOldGen       total 579072K, used 558070K [0x00000000c0000000, 0x00000000e3580000, 0x00000000eab00000)
  object space 579072K, 96% used [0x00000000c0000000,0x00000000e20fd890,0x00000000e3580000)
 Metaspace       used 75577K, committed 76992K, reserved 1179648K
  class space    used 7750K, committed 8320K, reserved 1048576K
}
Event: 119.124 GC heap after
{Heap after GC invocations=621 (full 14):
 PSYoungGen      total 1024K, used 512K [0x00000000eab00000, 0x00000000eb000000, 0x0000000100000000)
  eden space 512K, 0% used [0x00000000eab00000,0x00000000eab00000,0x00000000eab80000)
  from space 512K, 100% used [0x00000000ead80000,0x00000000eae00000,0x00000000eae00000)
  to   space 2048K, 0% used [0x00000000eab80000,0x00000000eab80000,0x00000000ead80000)
 ParOldGen       total 579072K, used 559278K [0x00000000c0000000, 0x00000000e3580000, 0x00000000eab00000)
  object space 579072K, 96% used [0x00000000c0000000,0x00000000e222b890,0x00000000e3580000)
 Metaspace       used 75577K, committed 76992K, reserved 1179648K
  class space    used 7750K, committed 8320K, reserved 1048576K
}
Event: 119.129 GC heap before
{Heap before GC invocations=622 (full 14):
 PSYoungGen      total 1024K, used 1024K [0x00000000eab00000, 0x00000000eb000000, 0x0000000100000000)
  eden space 512K, 100% used [0x00000000eab00000,0x00000000eab80000,0x00000000eab80000)
  from space 512K, 100% used [0x00000000ead80000,0x00000000eae00000,0x00000000eae00000)
  to   space 2048K, 0% used [0x00000000eab80000,0x00000000eab80000,0x00000000ead80000)
 ParOldGen       total 579072K, used 559278K [0x00000000c0000000, 0x00000000e3580000, 0x00000000eab00000)
  object space 579072K, 96% used [0x00000000c0000000,0x00000000e222b890,0x00000000e3580000)
 Metaspace       used 75577K, committed 76992K, reserved 1179648K
  class space    used 7750K, committed 8320K, reserved 1048576K
}
Event: 119.131 GC heap after
{Heap after GC invocations=622 (full 14):
 PSYoungGen      total 1536K, used 544K [0x00000000eab00000, 0x00000000eae00000, 0x0000000100000000)
  eden space 512K, 0% used [0x00000000eab00000,0x00000000eab00000,0x00000000eab80000)
  from space 1024K, 53% used [0x00000000eab80000,0x00000000eac08000,0x00000000eac80000)
  to   space 1024K, 0% used [0x00000000ead00000,0x00000000ead00000,0x00000000eae00000)
 ParOldGen       total 579072K, used 559830K [0x00000000c0000000, 0x00000000e3580000, 0x00000000eab00000)
  object space 579072K, 96% used [0x00000000c0000000,0x00000000e22b5890,0x00000000e3580000)
 Metaspace       used 75577K, committed 76992K, reserved 1179648K
  class space    used 7750K, committed 8320K, reserved 1048576K
}
Event: 119.233 GC heap before
{Heap before GC invocations=623 (full 14):
 PSYoungGen      total 1536K, used 1030K [0x00000000eab00000, 0x00000000eae00000, 0x0000000100000000)
  eden space 512K, 95% used [0x00000000eab00000,0x00000000eab79ad8,0x00000000eab80000)
  from space 1024K, 53% used [0x00000000eab80000,0x00000000eac08000,0x00000000eac80000)
  to   space 1024K, 0% used [0x00000000ead00000,0x00000000ead00000,0x00000000eae00000)
 ParOldGen       total 579072K, used 559830K [0x00000000c0000000, 0x00000000e3580000, 0x00000000eab00000)
  object space 579072K, 96% used [0x00000000c0000000,0x00000000e22b5890,0x00000000e3580000)
 Metaspace       used 75577K, committed 76992K, reserved 1179648K
  class space    used 7750K, committed 8320K, reserved 1048576K
}
Event: 119.236 GC heap after
{Heap after GC invocations=623 (full 14):
 PSYoungGen      total 1024K, used 512K [0x00000000eab00000, 0x00000000ead80000, 0x0000000100000000)
  eden space 512K, 0% used [0x00000000eab00000,0x00000000eab00000,0x00000000eab80000)
  from space 512K, 100% used [0x00000000ead00000,0x00000000ead80000,0x00000000ead80000)
  to   space 1024K, 0% used [0x00000000eab80000,0x00000000eab80000,0x00000000eac80000)
 ParOldGen       total 579072K, used 560246K [0x00000000c0000000, 0x00000000e3580000, 0x00000000eab00000)
  object space 579072K, 96% used [0x00000000c0000000,0x00000000e231d890,0x00000000e3580000)
 Metaspace       used 75577K, committed 76992K, reserved 1179648K
  class space    used 7750K, committed 8320K, reserved 1048576K
}
Event: 119.519 GC heap before
{Heap before GC invocations=624 (full 14):
 PSYoungGen      total 1024K, used 1019K [0x00000000eab00000, 0x00000000ead80000, 0x0000000100000000)
  eden space 512K, 99% used [0x00000000eab00000,0x00000000eab7efe0,0x00000000eab80000)
  from space 512K, 100% used [0x00000000ead00000,0x00000000ead80000,0x00000000ead80000)
  to   space 1024K, 0% used [0x00000000eab80000,0x00000000eab80000,0x00000000eac80000)
 ParOldGen       total 579072K, used 560246K [0x00000000c0000000, 0x00000000e3580000, 0x00000000eab00000)
  object space 579072K, 96% used [0x00000000c0000000,0x00000000e231d890,0x00000000e3580000)
 Metaspace       used 75613K, committed 77056K, reserved 1179648K
  class space    used 7755K, committed 8320K, reserved 1048576K
}
Event: 119.521 GC heap after
{Heap after GC invocations=624 (full 14):
 PSYoungGen      total 1536K, used 224K [0x00000000eab00000, 0x00000000ead80000, 0x0000000100000000)
  eden space 512K, 0% used [0x00000000eab00000,0x00000000eab00000,0x00000000eab80000)
  from space 1024K, 21% used [0x00000000eab80000,0x00000000eabb8000,0x00000000eac80000)
  to   space 512K, 0% used [0x00000000ead00000,0x00000000ead00000,0x00000000ead80000)
 ParOldGen       total 579072K, used 560566K [0x00000000c0000000, 0x00000000e3580000, 0x00000000eab00000)
  object space 579072K, 96% used [0x00000000c0000000,0x00000000e236d890,0x00000000e3580000)
 Metaspace       used 75613K, committed 77056K, reserved 1179648K
  class space    used 7755K, committed 8320K, reserved 1048576K
}
Event: 119.684 GC heap before
{Heap before GC invocations=625 (full 14):
 PSYoungGen      total 1536K, used 736K [0x00000000eab00000, 0x00000000ead80000, 0x0000000100000000)
  eden space 512K, 100% used [0x00000000eab00000,0x00000000eab80000,0x00000000eab80000)
  from space 1024K, 21% used [0x00000000eab80000,0x00000000eabb8000,0x00000000eac80000)
  to   space 512K, 0% used [0x00000000ead00000,0x00000000ead00000,0x00000000ead80000)
 ParOldGen       total 579072K, used 560566K [0x00000000c0000000, 0x00000000e3580000, 0x00000000eab00000)
  object space 579072K, 96% used [0x00000000c0000000,0x00000000e236d890,0x00000000e3580000)
 Metaspace       used 75655K, committed 77120K, reserved 1179648K
  class space    used 7758K, committed 8320K, reserved 1048576K
}
Event: 119.686 GC heap after
{Heap after GC invocations=625 (full 14):
 PSYoungGen      total 2048K, used 288K [0x00000000eab00000, 0x00000000ead80000, 0x0000000100000000)
  eden space 1536K, 0% used [0x00000000eab00000,0x00000000eab00000,0x00000000eac80000)
  from space 512K, 56% used [0x00000000ead00000,0x00000000ead48000,0x00000000ead80000)
  to   space 512K, 0% used [0x00000000eac80000,0x00000000eac80000,0x00000000ead00000)
 ParOldGen       total 579072K, used 560622K [0x00000000c0000000, 0x00000000e3580000, 0x00000000eab00000)
  object space 579072K, 96% used [0x00000000c0000000,0x00000000e237b890,0x00000000e3580000)
 Metaspace       used 75655K, committed 77120K, reserved 1179648K
  class space    used 7758K, committed 8320K, reserved 1048576K
}
Event: 119.731 GC heap before
{Heap before GC invocations=626 (full 14):
 PSYoungGen      total 2048K, used 1824K [0x00000000eab00000, 0x00000000ead80000, 0x0000000100000000)
  eden space 1536K, 100% used [0x00000000eab00000,0x00000000eac80000,0x00000000eac80000)
  from space 512K, 56% used [0x00000000ead00000,0x00000000ead48000,0x00000000ead80000)
  to   space 512K, 0% used [0x00000000eac80000,0x00000000eac80000,0x00000000ead00000)
 ParOldGen       total 579072K, used 560622K [0x00000000c0000000, 0x00000000e3580000, 0x00000000eab00000)
  object space 579072K, 96% used [0x00000000c0000000,0x00000000e237b890,0x00000000e3580000)
 Metaspace       used 75674K, committed 77120K, reserved 1179648K
  class space    used 7758K, committed 8320K, reserved 1048576K
}
Event: 119.732 GC heap after
{Heap after GC invocations=626 (full 14):
 PSYoungGen      total 2048K, used 507K [0x00000000eab00000, 0x00000000ead80000, 0x0000000100000000)
  eden space 1536K, 0% used [0x00000000eab00000,0x00000000eab00000,0x00000000eac80000)
  from space 512K, 99% used [0x00000000eac80000,0x00000000eacfec08,0x00000000ead00000)
  to   space 512K, 0% used [0x00000000ead00000,0x00000000ead00000,0x00000000ead80000)
 ParOldGen       total 579072K, used 560898K [0x00000000c0000000, 0x00000000e3580000, 0x00000000eab00000)
  object space 579072K, 96% used [0x00000000c0000000,0x00000000e23c08a0,0x00000000e3580000)
 Metaspace       used 75674K, committed 77120K, reserved 1179648K
  class space    used 7758K, committed 8320K, reserved 1048576K
}
Event: 119.742 GC heap before
{Heap before GC invocations=627 (full 14):
 PSYoungGen      total 2048K, used 2043K [0x00000000eab00000, 0x00000000ead80000, 0x0000000100000000)
  eden space 1536K, 100% used [0x00000000eab00000,0x00000000eac80000,0x00000000eac80000)
  from space 512K, 99% used [0x00000000eac80000,0x00000000eacfec08,0x00000000ead00000)
  to   space 512K, 0% used [0x00000000ead00000,0x00000000ead00000,0x00000000ead80000)
 ParOldGen       total 579072K, used 560898K [0x00000000c0000000, 0x00000000e3580000, 0x00000000eab00000)
  object space 579072K, 96% used [0x00000000c0000000,0x00000000e23c08a0,0x00000000e3580000)
 Metaspace       used 75674K, committed 77120K, reserved 1179648K
  class space    used 7758K, committed 8320K, reserved 1048576K
}
Event: 119.744 GC heap after
{Heap after GC invocations=627 (full 14):
 PSYoungGen      total 2048K, used 512K [0x00000000eab00000, 0x00000000ead80000, 0x0000000100000000)
  eden space 1536K, 0% used [0x00000000eab00000,0x00000000eab00000,0x00000000eac80000)
  from space 512K, 100% used [0x00000000ead00000,0x00000000ead80000,0x00000000ead80000)
  to   space 512K, 0% used [0x00000000eac80000,0x00000000eac80000,0x00000000ead00000)
 ParOldGen       total 579072K, used 562199K [0x00000000c0000000, 0x00000000e3580000, 0x00000000eab00000)
  object space 579072K, 97% used [0x00000000c0000000,0x00000000e2505e30,0x00000000e3580000)
 Metaspace       used 75674K, committed 77120K, reserved 1179648K
  class space    used 7758K, committed 8320K, reserved 1048576K
}

Dll operation events (11 events):
Event: 0.029 Loaded shared library c:\Users\PC\.vscode\extensions\redhat.java-1.36.0-win32-x64\jre\17.0.13-win32-x86_64\bin\java.dll
Event: 0.554 Loaded shared library c:\Users\PC\.vscode\extensions\redhat.java-1.36.0-win32-x64\jre\17.0.13-win32-x86_64\bin\zip.dll
Event: 0.560 Loaded shared library C:\Users\PC\.vscode\extensions\redhat.java-1.36.0-win32-x64\jre\17.0.13-win32-x86_64\bin\instrument.dll
Event: 0.583 Loaded shared library C:\Users\PC\.vscode\extensions\redhat.java-1.36.0-win32-x64\jre\17.0.13-win32-x86_64\bin\net.dll
Event: 0.586 Loaded shared library C:\Users\PC\.vscode\extensions\redhat.java-1.36.0-win32-x64\jre\17.0.13-win32-x86_64\bin\nio.dll
Event: 0.599 Loaded shared library C:\Users\PC\.vscode\extensions\redhat.java-1.36.0-win32-x64\jre\17.0.13-win32-x86_64\bin\zip.dll
Event: 0.624 Loaded shared library C:\Users\PC\.vscode\extensions\redhat.java-1.36.0-win32-x64\jre\17.0.13-win32-x86_64\bin\jimage.dll
Event: 0.712 Loaded shared library c:\Users\PC\.vscode\extensions\redhat.java-1.36.0-win32-x64\jre\17.0.13-win32-x86_64\bin\verify.dll
Event: 7.583 Loaded shared library C:\Users\PC\AppData\Roaming\Code\User\globalStorage\redhat.java\1.36.0\config_win\org.eclipse.equinox.launcher\org.eclipse.equinox.launcher.win32.win32.x86_64_1.2.1100.v20240722-2106\eclipse_11904.dll
Event: 35.924 Loaded shared library C:\Users\PC\AppData\Local\Temp\jna-2547\jna11838283113569777821.dll
Event: 67.508 Loaded shared library C:\Users\PC\.vscode\extensions\redhat.java-1.36.0-win32-x64\jre\17.0.13-win32-x86_64\bin\sunmscapi.dll

Deoptimization events (20 events):
Event: 119.661 Thread 0x000001a215c29fa0 Uncommon trap: trap_request=0xffffffde fr.pc=0x000001a20805e660 relative=0x0000000000002940
Event: 119.661 Thread 0x000001a215c29fa0 Uncommon trap: reason=class_check action=maybe_recompile pc=0x000001a20805e660 method=org.eclipse.jdt.internal.core.search.indexing.AbstractIndexer.addConstructorReference([CI)V @ 9 c2
Event: 119.662 Thread 0x000001a215c29fa0 DEOPT PACKING pc=0x000001a20805e660 sp=0x00000056324feb80
Event: 119.662 Thread 0x000001a215c29fa0 DEOPT UNPACKING pc=0x000001a2074a66a3 sp=0x00000056324feba8 mode 2
Event: 119.662 Thread 0x000001a215c29fa0 Uncommon trap: trap_request=0xffffff76 fr.pc=0x000001a2080051e4 relative=0x0000000000004d04
Event: 119.662 Thread 0x000001a215c29fa0 Uncommon trap: reason=predicate action=maybe_recompile pc=0x000001a2080051e4 method=org.eclipse.jdt.internal.core.search.indexing.AbstractIndexer.addMethodDeclaration([C[[C[C[[C)V @ 50 c2
Event: 119.662 Thread 0x000001a215c29fa0 DEOPT PACKING pc=0x000001a2080051e4 sp=0x00000056324feb70
Event: 119.662 Thread 0x000001a215c29fa0 DEOPT UNPACKING pc=0x000001a2074a66a3 sp=0x00000056324febb0 mode 2
Event: 119.662 Thread 0x000001a215c29fa0 Uncommon trap: trap_request=0xffffff45 fr.pc=0x000001a2080995e8 relative=0x0000000000001aa8
Event: 119.662 Thread 0x000001a215c29fa0 Uncommon trap: reason=unstable_if action=reinterpret pc=0x000001a2080995e8 method=org.eclipse.jdt.internal.core.search.matching.MethodDeclarationPattern.createDeclarationIndexKey([C[C[CI[C[[C[[C[CI[CII)[C @ 43 c2
Event: 119.662 Thread 0x000001a215c29fa0 DEOPT PACKING pc=0x000001a2080995e8 sp=0x00000056324feae0
Event: 119.663 Thread 0x000001a215c29fa0 DEOPT UNPACKING pc=0x000001a2074a66a3 sp=0x00000056324fea50 mode 2
Event: 119.707 Thread 0x000001a215c29fa0 DEOPT PACKING pc=0x000001a2001d4756 sp=0x00000056324feea0
Event: 119.707 Thread 0x000001a215c29fa0 DEOPT UNPACKING pc=0x000001a2074a6e43 sp=0x00000056324fe348 mode 0
Event: 119.708 Thread 0x000001a215c29fa0 DEOPT PACKING pc=0x000001a2001d4756 sp=0x00000056324feea0
Event: 119.708 Thread 0x000001a215c29fa0 DEOPT UNPACKING pc=0x000001a2074a6e43 sp=0x00000056324fe348 mode 0
Event: 119.708 Thread 0x000001a215c29fa0 DEOPT PACKING pc=0x000001a2001d4756 sp=0x00000056324feea0
Event: 119.708 Thread 0x000001a215c29fa0 DEOPT UNPACKING pc=0x000001a2074a6e43 sp=0x00000056324fe348 mode 0
Event: 119.708 Thread 0x000001a215c29fa0 DEOPT PACKING pc=0x000001a2001d4756 sp=0x00000056324feea0
Event: 119.708 Thread 0x000001a215c29fa0 DEOPT UNPACKING pc=0x000001a2074a6e43 sp=0x00000056324fe348 mode 0

Classes loaded (20 events):
Event: 67.821 Loading class javax/crypto/NullCipher
Event: 67.822 Loading class javax/crypto/NullCipher done
Event: 67.822 Loading class sun/security/util/ArrayUtil
Event: 67.822 Loading class sun/security/util/ArrayUtil done
Event: 67.885 Loading class java/util/zip/CheckedInputStream
Event: 67.885 Loading class java/util/zip/CheckedInputStream done
Event: 67.957 Loading class java/util/zip/GZIPInputStream$1
Event: 67.958 Loading class java/util/zip/GZIPInputStream$1 done
Event: 68.230 Loading class java/io/FileReader
Event: 68.231 Loading class java/io/FileReader done
Event: 68.258 Loading class java/lang/UnsupportedClassVersionError
Event: 68.258 Loading class java/lang/UnsupportedClassVersionError done
Event: 68.266 Loading class jdk/internal/reflect/UnsafeQualifiedStaticIntegerFieldAccessorImpl
Event: 68.267 Loading class jdk/internal/reflect/UnsafeQualifiedStaticIntegerFieldAccessorImpl done
Event: 68.522 Loading class java/lang/Throwable$WrappedPrintWriter
Event: 68.522 Loading class java/lang/Throwable$PrintStreamOrWriter
Event: 68.522 Loading class java/lang/Throwable$PrintStreamOrWriter done
Event: 68.522 Loading class java/lang/Throwable$WrappedPrintWriter done
Event: 70.148 Loading class jdk/internal/ref/CleanerImpl$InnocuousThreadFactory
Event: 70.148 Loading class jdk/internal/ref/CleanerImpl$InnocuousThreadFactory done

Classes unloaded (10 events):
Event: 47.017 Thread 0x000001a27ee611f0 Unloading class 0x000000010025c000 'java/lang/invoke/LambdaForm$MH+0x000000010025c000'
Event: 47.017 Thread 0x000001a27ee611f0 Unloading class 0x000000010025bc00 'java/lang/invoke/LambdaForm$MH+0x000000010025bc00'
Event: 47.017 Thread 0x000001a27ee611f0 Unloading class 0x000000010025b800 'java/lang/invoke/LambdaForm$MH+0x000000010025b800'
Event: 47.017 Thread 0x000001a27ee611f0 Unloading class 0x000000010025b400 'java/lang/invoke/LambdaForm$MH+0x000000010025b400'
Event: 47.017 Thread 0x000001a27ee611f0 Unloading class 0x000000010025b000 'java/lang/invoke/LambdaForm$BMH+0x000000010025b000'
Event: 47.017 Thread 0x000001a27ee611f0 Unloading class 0x000000010025ac00 'java/lang/invoke/LambdaForm$DMH+0x000000010025ac00'
Event: 47.017 Thread 0x000001a27ee611f0 Unloading class 0x0000000100258400 'java/lang/invoke/LambdaForm$DMH+0x0000000100258400'
Event: 63.964 Thread 0x000001a27ee611f0 Unloading class 0x0000000100739c00 'java/lang/invoke/LambdaForm$DMH+0x0000000100739c00'
Event: 63.964 Thread 0x000001a27ee611f0 Unloading class 0x0000000100739800 'java/lang/invoke/LambdaForm$DMH+0x0000000100739800'
Event: 63.964 Thread 0x000001a27ee611f0 Unloading class 0x0000000100739400 'java/lang/invoke/LambdaForm$DMH+0x0000000100739400'

Classes redefined (0 events):
No events

Internal exceptions (20 events):
Event: 91.841 Thread 0x000001a215c29fa0 Exception <a 'sun/nio/fs/WindowsException'{0x00000000ec4421b0}> (0x00000000ec4421b0) 
thrown [s\src\hotspot\share\prims\jni.cpp, line 516]
Event: 91.868 Thread 0x000001a215c29fa0 Exception <a 'sun/nio/fs/WindowsException'{0x00000000ec44d400}> (0x00000000ec44d400) 
thrown [s\src\hotspot\share\prims\jni.cpp, line 516]
Event: 92.045 Thread 0x000001a215c29fa0 Exception <a 'sun/nio/fs/WindowsException'{0x00000000eab22298}> (0x00000000eab22298) 
thrown [s\src\hotspot\share\prims\jni.cpp, line 516]
Event: 92.074 Thread 0x000001a215c29fa0 Exception <a 'sun/nio/fs/WindowsException'{0x00000000eab6eb28}> (0x00000000eab6eb28) 
thrown [s\src\hotspot\share\prims\jni.cpp, line 516]
Event: 92.127 Thread 0x000001a215c29fa0 Exception <a 'sun/nio/fs/WindowsException'{0x00000000eae731f8}> (0x00000000eae731f8) 
thrown [s\src\hotspot\share\prims\jni.cpp, line 516]
Event: 92.146 Thread 0x000001a215c29fa0 Exception <a 'sun/nio/fs/WindowsException'{0x00000000eae8d348}> (0x00000000eae8d348) 
thrown [s\src\hotspot\share\prims\jni.cpp, line 516]
Event: 92.396 Thread 0x000001a215c29fa0 Exception <a 'sun/nio/fs/WindowsException'{0x00000000ec0e53c0}> (0x00000000ec0e53c0) 
thrown [s\src\hotspot\share\prims\jni.cpp, line 516]
Event: 92.578 Thread 0x000001a215c29fa0 Exception <a 'sun/nio/fs/WindowsException'{0x00000000ec8b8ce0}> (0x00000000ec8b8ce0) 
thrown [s\src\hotspot\share\prims\jni.cpp, line 516]
Event: 92.643 Thread 0x000001a215c29fa0 Exception <a 'sun/nio/fs/WindowsException'{0x00000000eafa1200}> (0x00000000eafa1200) 
thrown [s\src\hotspot\share\prims\jni.cpp, line 516]
Event: 93.188 Thread 0x000001a215c29fa0 Exception <a 'sun/nio/fs/WindowsException'{0x00000000ec437230}> (0x00000000ec437230) 
thrown [s\src\hotspot\share\prims\jni.cpp, line 516]
Event: 93.218 Thread 0x000001a215c29fa0 Exception <a 'sun/nio/fs/WindowsException'{0x00000000ec70f3d8}> (0x00000000ec70f3d8) 
thrown [s\src\hotspot\share\prims\jni.cpp, line 516]
Event: 93.242 Thread 0x000001a215c29fa0 Exception <a 'sun/nio/fs/WindowsException'{0x00000000ec86e2f8}> (0x00000000ec86e2f8) 
thrown [s\src\hotspot\share\prims\jni.cpp, line 516]
Event: 93.262 Thread 0x000001a215c29fa0 Exception <a 'sun/nio/fs/WindowsException'{0x00000000ec8b42d8}> (0x00000000ec8b42d8) 
thrown [s\src\hotspot\share\prims\jni.cpp, line 516]
Event: 93.299 Thread 0x000001a215c29fa0 Exception <a 'sun/nio/fs/WindowsException'{0x00000000ec9b9568}> (0x00000000ec9b9568) 
thrown [s\src\hotspot\share\prims\jni.cpp, line 516]
Event: 93.321 Thread 0x000001a215c29fa0 Exception <a 'sun/nio/fs/WindowsException'{0x00000000eca48580}> (0x00000000eca48580) 
thrown [s\src\hotspot\share\prims\jni.cpp, line 516]
Event: 93.717 Thread 0x000001a215c29fa0 Exception <a 'sun/nio/fs/WindowsException'{0x00000000ec01dd38}> (0x00000000ec01dd38) 
thrown [s\src\hotspot\share\prims\jni.cpp, line 516]
Event: 93.745 Thread 0x000001a215c29fa0 Exception <a 'sun/nio/fs/WindowsException'{0x00000000ec0cfa38}> (0x00000000ec0cfa38) 
thrown [s\src\hotspot\share\prims\jni.cpp, line 516]
Event: 94.085 Thread 0x000001a215c29fa0 Exception <a 'sun/nio/fs/WindowsException'{0x00000000ebc16e08}> (0x00000000ebc16e08) 
thrown [s\src\hotspot\share\prims\jni.cpp, line 516]
Event: 94.206 Thread 0x000001a215c29fa0 Exception <a 'sun/nio/fs/WindowsException'{0x00000000ec1914a0}> (0x00000000ec1914a0) 
thrown [s\src\hotspot\share\prims\jni.cpp, line 516]
Event: 119.279 Thread 0x000001a215c29fa0 Exception <a 'sun/nio/fs/WindowsException'{0x00000000eab302e8}> (0x00000000eab302e8) 
thrown [s\src\hotspot\share\prims\jni.cpp, line 516]

VM Operations (20 events):
Event: 117.372 Executing VM operation: ParallelGCFailedAllocation
Event: 117.376 Executing VM operation: ParallelGCFailedAllocation done
Event: 117.388 Executing VM operation: ParallelGCFailedAllocation
Event: 117.393 Executing VM operation: ParallelGCFailedAllocation done
Event: 118.776 Executing VM operation: ParallelGCFailedAllocation
Event: 118.798 Executing VM operation: ParallelGCFailedAllocation done
Event: 119.120 Executing VM operation: ParallelGCFailedAllocation
Event: 119.124 Executing VM operation: ParallelGCFailedAllocation done
Event: 119.129 Executing VM operation: ParallelGCFailedAllocation
Event: 119.131 Executing VM operation: ParallelGCFailedAllocation done
Event: 119.233 Executing VM operation: ParallelGCFailedAllocation
Event: 119.236 Executing VM operation: ParallelGCFailedAllocation done
Event: 119.519 Executing VM operation: ParallelGCFailedAllocation
Event: 119.521 Executing VM operation: ParallelGCFailedAllocation done
Event: 119.683 Executing VM operation: ParallelGCFailedAllocation
Event: 119.686 Executing VM operation: ParallelGCFailedAllocation done
Event: 119.731 Executing VM operation: ParallelGCFailedAllocation
Event: 119.732 Executing VM operation: ParallelGCFailedAllocation done
Event: 119.742 Executing VM operation: ParallelGCFailedAllocation
Event: 119.744 Executing VM operation: ParallelGCFailedAllocation done

Memory protections (0 events):
No events

Nmethod flushes (20 events):
Event: 72.662 Thread 0x000001a21318eab0 flushing  nmethod 0x000001a201671890
Event: 72.663 Thread 0x000001a21318eab0 flushing  nmethod 0x000001a2016b3010
Event: 72.663 Thread 0x000001a21318eab0 flushing  nmethod 0x000001a201707190
Event: 72.663 Thread 0x000001a21318eab0 flushing  nmethod 0x000001a201707e10
Event: 72.663 Thread 0x000001a21318eab0 flushing  nmethod 0x000001a201708390
Event: 72.663 Thread 0x000001a21318eab0 flushing  nmethod 0x000001a201708a10
Event: 72.663 Thread 0x000001a21318eab0 flushing  nmethod 0x000001a20170c310
Event: 72.663 Thread 0x000001a21318eab0 flushing  nmethod 0x000001a201711690
Event: 72.663 Thread 0x000001a21318eab0 flushing  nmethod 0x000001a201712090
Event: 72.663 Thread 0x000001a21318eab0 flushing  nmethod 0x000001a201712b10
Event: 72.663 Thread 0x000001a21318eab0 flushing  nmethod 0x000001a20171a510
Event: 72.663 Thread 0x000001a21318eab0 flushing  nmethod 0x000001a201722410
Event: 72.663 Thread 0x000001a21318eab0 flushing  nmethod 0x000001a201722890
Event: 72.663 Thread 0x000001a21318eab0 flushing osr nmethod 0x000001a20172b110
Event: 72.663 Thread 0x000001a21318eab0 flushing  nmethod 0x000001a2017a4310
Event: 72.663 Thread 0x000001a21318eab0 flushing  nmethod 0x000001a2017bfe90
Event: 96.829 Thread 0x000001a21318eab0 flushing  nmethod 0x000001a207e0aa10
Event: 96.830 Thread 0x000001a21318eab0 flushing  nmethod 0x000001a20812c410
Event: 96.838 Thread 0x000001a21318eab0 flushing  nmethod 0x000001a200ec1410
Event: 96.839 Thread 0x000001a21318eab0 flushing  nmethod 0x000001a201210b90

Events (20 events):
Event: 65.269 Thread 0x000001a2152cdff0 Thread exited: 0x000001a2152cdff0
Event: 65.269 Thread 0x000001a2152cdae0 Thread exited: 0x000001a2152cdae0
Event: 65.269 Thread 0x000001a2152cb770 Thread exited: 0x000001a2152cb770
Event: 65.269 Thread 0x000001a2152cf940 Thread exited: 0x000001a2152cf940
Event: 65.269 Thread 0x000001a2152ccbb0 Thread exited: 0x000001a2152ccbb0
Event: 67.017 Thread 0x000001a21786e2e0 Thread added: 0x000001a2152cc190
Event: 67.034 Thread 0x000001a2152cc190 Thread added: 0x000001a2152d0d80
Event: 67.421 Thread 0x000001a217870650 Thread added: 0x000001a2152d0360
Event: 67.429 Thread 0x000001a2178724b0 Thread added: 0x000001a2152cb770
Event: 67.436 Thread 0x000001a2152cb770 Thread added: 0x000001a2152d17a0
Event: 67.443 Thread 0x000001a2152d17a0 Thread added: 0x000001a2152cd5d0
Event: 67.465 Thread 0x000001a2152d1290 Thread added: 0x000001a2152cdae0
Event: 68.382 Thread 0x000001a2152cdae0 Thread exited: 0x000001a2152cdae0
Event: 69.488 Thread 0x000001a27ee7ea50 Thread added: 0x000001a221269e10
Event: 70.043 Thread 0x000001a2152cd5d0 Thread added: 0x000001a2152cc6a0
Event: 70.148 Thread 0x000001a2152cd5d0 Thread added: 0x000001a2152ccbb0
Event: 70.836 Thread 0x000001a221269e10 Thread exited: 0x000001a221269e10
Event: 71.743 Thread 0x000001a215c29a90 Thread added: 0x000001a2152cdae0
Event: 94.390 Thread 0x000001a27ee7ea50 Thread added: 0x000001a2170fa5a0
Event: 95.360 Thread 0x000001a2170fa5a0 Thread exited: 0x000001a2170fa5a0


Dynamic libraries:
0x00007ff69fc70000 - 0x00007ff69fc7e000 	c:\Users\PC\.vscode\extensions\redhat.java-1.36.0-win32-x64\jre\17.0.13-win32-x86_64\bin\java.exe
0x00007ffe526c0000 - 0x00007ffe528c9000 	C:\Windows\SYSTEM32\ntdll.dll
0x00007ffe50d70000 - 0x00007ffe50e2d000 	C:\Windows\System32\KERNEL32.DLL
0x00007ffe4fb80000 - 0x00007ffe4ff04000 	C:\Windows\System32\KERNELBASE.dll
0x00007ffe4c370000 - 0x00007ffe4c402000 	C:\Windows\SYSTEM32\apphelp.dll
0x00007ffe501e0000 - 0x00007ffe502f1000 	C:\Windows\System32\ucrtbase.dll
0x00007ffdf9620000 - 0x00007ffdf9637000 	c:\Users\PC\.vscode\extensions\redhat.java-1.36.0-win32-x64\jre\17.0.13-win32-x86_64\bin\jli.dll
0x00007ffe51d70000 - 0x00007ffe51f1d000 	C:\Windows\System32\USER32.dll
0x00007ffe4fb50000 - 0x00007ffe4fb76000 	C:\Windows\System32\win32u.dll
0x00007ffe50d40000 - 0x00007ffe50d6a000 	C:\Windows\System32\GDI32.dll
0x00007ffe503f0000 - 0x00007ffe5050e000 	C:\Windows\System32\gdi32full.dll
0x00007ffe50140000 - 0x00007ffe501dd000 	C:\Windows\System32\msvcp_win.dll
0x00007ffde6da0000 - 0x00007ffde6dbe000 	c:\Users\PC\.vscode\extensions\redhat.java-1.36.0-win32-x64\jre\17.0.13-win32-x86_64\bin\VCRUNTIME140.dll
0x00007ffe34c10000 - 0x00007ffe34eb5000 	C:\Windows\WinSxS\amd64_microsoft.windows.common-controls_6595b64144ccf1df_6.0.22000.120_none_9d947278b86cc467\COMCTL32.dll
0x00007ffe50ac0000 - 0x00007ffe50b63000 	C:\Windows\System32\msvcrt.dll
0x00007ffe52020000 - 0x00007ffe52051000 	C:\Windows\System32\IMM32.DLL
0x00007ffe29ff0000 - 0x00007ffe29ffc000 	c:\Users\PC\.vscode\extensions\redhat.java-1.36.0-win32-x64\jre\17.0.13-win32-x86_64\bin\vcruntime140_1.dll
0x00007ffdd1590000 - 0x00007ffdd161d000 	c:\Users\PC\.vscode\extensions\redhat.java-1.36.0-win32-x64\jre\17.0.13-win32-x86_64\bin\msvcp140.dll
0x00007ffd9a420000 - 0x00007ffd9b08b000 	c:\Users\PC\.vscode\extensions\redhat.java-1.36.0-win32-x64\jre\17.0.13-win32-x86_64\bin\server\jvm.dll
0x00007ffe50b70000 - 0x00007ffe50c1e000 	C:\Windows\System32\ADVAPI32.dll
0x00007ffe51300000 - 0x00007ffe5139e000 	C:\Windows\System32\sechost.dll
0x00007ffe51b70000 - 0x00007ffe51c91000 	C:\Windows\System32\RPCRT4.dll
0x00007ffe51ca0000 - 0x00007ffe51d0f000 	C:\Windows\System32\WS2_32.dll
0x00007ffe4f630000 - 0x00007ffe4f67d000 	C:\Windows\SYSTEM32\POWRPROF.dll
0x00007ffe484b0000 - 0x00007ffe484e3000 	C:\Windows\SYSTEM32\WINMM.dll
0x00007ffe3fa50000 - 0x00007ffe3fa5a000 	C:\Windows\SYSTEM32\VERSION.dll
0x00007ffe4f4e0000 - 0x00007ffe4f4f3000 	C:\Windows\SYSTEM32\UMPDC.dll
0x00007ffe4eb80000 - 0x00007ffe4eb98000 	C:\Windows\SYSTEM32\kernel.appcore.dll
0x00007ffe29fb0000 - 0x00007ffe29fba000 	c:\Users\PC\.vscode\extensions\redhat.java-1.36.0-win32-x64\jre\17.0.13-win32-x86_64\bin\jimage.dll
0x00007ffe4d4f0000 - 0x00007ffe4d711000 	C:\Windows\SYSTEM32\DBGHELP.DLL
0x00007ffe3d080000 - 0x00007ffe3d0b1000 	C:\Windows\SYSTEM32\dbgcore.DLL
0x00007ffe50300000 - 0x00007ffe5037f000 	C:\Windows\System32\bcryptPrimitives.dll
0x00007ffe29cc0000 - 0x00007ffe29cce000 	c:\Users\PC\.vscode\extensions\redhat.java-1.36.0-win32-x64\jre\17.0.13-win32-x86_64\bin\instrument.dll
0x00007ffdd9540000 - 0x00007ffdd9565000 	c:\Users\PC\.vscode\extensions\redhat.java-1.36.0-win32-x64\jre\17.0.13-win32-x86_64\bin\java.dll
0x00007ffde5570000 - 0x00007ffde5588000 	c:\Users\PC\.vscode\extensions\redhat.java-1.36.0-win32-x64\jre\17.0.13-win32-x86_64\bin\zip.dll
0x00007ffe513a0000 - 0x00007ffe51b65000 	C:\Windows\System32\SHELL32.dll
0x00007ffe4dbe0000 - 0x00007ffe4e442000 	C:\Windows\SYSTEM32\windows.storage.dll
0x00007ffe50740000 - 0x00007ffe50ab6000 	C:\Windows\System32\combase.dll
0x00007ffe4da70000 - 0x00007ffe4dbd7000 	C:\Windows\SYSTEM32\wintypes.dll
0x00007ffe51160000 - 0x00007ffe5124a000 	C:\Windows\System32\SHCORE.dll
0x00007ffe51d10000 - 0x00007ffe51d6d000 	C:\Windows\System32\shlwapi.dll
0x00007ffe4fa80000 - 0x00007ffe4faa5000 	C:\Windows\SYSTEM32\profapi.dll
0x00007ffde3380000 - 0x00007ffde3399000 	C:\Users\PC\.vscode\extensions\redhat.java-1.36.0-win32-x64\jre\17.0.13-win32-x86_64\bin\net.dll
0x00007ffe49770000 - 0x00007ffe49884000 	C:\Windows\SYSTEM32\WINHTTP.dll
0x00007ffe4f020000 - 0x00007ffe4f087000 	C:\Windows\system32\mswsock.dll
0x00007ffddd3b0000 - 0x00007ffddd3c6000 	C:\Users\PC\.vscode\extensions\redhat.java-1.36.0-win32-x64\jre\17.0.13-win32-x86_64\bin\nio.dll
0x00007ffe28ae0000 - 0x00007ffe28af0000 	c:\Users\PC\.vscode\extensions\redhat.java-1.36.0-win32-x64\jre\17.0.13-win32-x86_64\bin\verify.dll
0x00007ffdceb30000 - 0x00007ffdceb75000 	C:\Users\PC\AppData\Roaming\Code\User\globalStorage\redhat.java\1.36.0\config_win\org.eclipse.equinox.launcher\org.eclipse.equinox.launcher.win32.win32.x86_64_1.2.1100.v20240722-2106\eclipse_11904.dll
0x00007ffe52060000 - 0x00007ffe521fa000 	C:\Windows\System32\ole32.dll
0x00007ffe4f2f0000 - 0x00007ffe4f308000 	C:\Windows\SYSTEM32\CRYPTSP.dll
0x00007ffe4eae0000 - 0x00007ffe4eb15000 	C:\Windows\system32\rsaenh.dll
0x00007ffe4f0c0000 - 0x00007ffe4f0ec000 	C:\Windows\SYSTEM32\USERENV.dll
0x00007ffe4f4a0000 - 0x00007ffe4f4c7000 	C:\Windows\SYSTEM32\bcrypt.dll
0x00007ffe4f210000 - 0x00007ffe4f21c000 	C:\Windows\SYSTEM32\CRYPTBASE.dll
0x00007ffe4e6a0000 - 0x00007ffe4e6cd000 	C:\Windows\SYSTEM32\IPHLPAPI.DLL
0x00007ffe50f70000 - 0x00007ffe50f79000 	C:\Windows\System32\NSI.dll
0x00007ffe49710000 - 0x00007ffe49729000 	C:\Windows\SYSTEM32\dhcpcsvc6.DLL
0x00007ffe49d60000 - 0x00007ffe49d7e000 	C:\Windows\SYSTEM32\dhcpcsvc.DLL
0x00007ffe4e6d0000 - 0x00007ffe4e7b7000 	C:\Windows\SYSTEM32\DNSAPI.dll
0x00007ffde35c0000 - 0x00007ffde3609000 	C:\Users\PC\AppData\Local\Temp\jna-2547\jna11838283113569777821.dll
0x00007ffe51f20000 - 0x00007ffe51f28000 	C:\Windows\System32\PSAPI.DLL
0x00007ffe21f80000 - 0x00007ffe21f8e000 	C:\Users\PC\.vscode\extensions\redhat.java-1.36.0-win32-x64\jre\17.0.13-win32-x86_64\bin\sunmscapi.dll
0x00007ffe4ffd0000 - 0x00007ffe50132000 	C:\Windows\System32\CRYPT32.dll
0x00007ffe4f470000 - 0x00007ffe4f498000 	C:\Windows\SYSTEM32\ncrypt.dll
0x00007ffe4f430000 - 0x00007ffe4f467000 	C:\Windows\SYSTEM32\NTASN1.dll

dbghelp: loaded successfully - version: 4.0.5 - missing functions: none
symbol engine: initialized successfully - sym options: 0x614 - pdb path: .;c:\Users\PC\.vscode\extensions\redhat.java-1.36.0-win32-x64\jre\17.0.13-win32-x86_64\bin;C:\Windows\SYSTEM32;C:\Windows\WinSxS\amd64_microsoft.windows.common-controls_6595b64144ccf1df_6.0.22000.120_none_9d947278b86cc467;c:\Users\PC\.vscode\extensions\redhat.java-1.36.0-win32-x64\jre\17.0.13-win32-x86_64\bin\server;C:\Users\PC\AppData\Roaming\Code\User\globalStorage\redhat.java\1.36.0\config_win\org.eclipse.equinox.launcher\org.eclipse.equinox.launcher.win32.win32.x86_64_1.2.1100.v20240722-2106;C:\Users\PC\AppData\Local\Temp\jna-2547

VM Arguments:
jvm_args: --add-modules=ALL-SYSTEM --add-opens=java.base/java.util=ALL-UNNAMED --add-opens=java.base/java.lang=ALL-UNNAMED --add-opens=java.base/sun.nio.fs=ALL-UNNAMED -Declipse.application=org.eclipse.jdt.ls.core.id1 -Dosgi.bundles.defaultStartLevel=4 -Declipse.product=org.eclipse.jdt.ls.core.product -Djava.import.generatesMetadataFilesAtProjectRoot=false -DDetectVMInstallationsJob.disabled=true -Dfile.encoding=utf8 -XX:+UseParallelGC -XX:GCTimeRatio=4 -XX:AdaptiveSizePolicyWeight=90 -Dsun.zip.disableMemoryMapping=true -Xmx1G -Xms100m -Xlog:disable -javaagent:c:\Users\PC\.vscode\extensions\redhat.java-1.36.0-win32-x64\lombok\lombok-1.18.35.jar -XX:+HeapDumpOnOutOfMemoryError -XX:HeapDumpPath=c:\Users\PC\AppData\Roaming\Code\User\workspaceStorage\772a5dec34df5f15b06eabc613063c15\redhat.java -Daether.dependencyCollector.impl=bf 
java_command: c:\Users\PC\.vscode\extensions\redhat.java-1.36.0-win32-x64\server\plugins\org.eclipse.equinox.launcher_1.6.900.v20240613-2009.jar -configuration c:\Users\PC\AppData\Roaming\Code\User\globalStorage\redhat.java\1.36.0\config_win -data c:\Users\PC\AppData\Roaming\Code\User\workspaceStorage\772a5dec34df5f15b06eabc613063c15\redhat.java\jdt_ws --pipe=\\.\pipe\lsp-f93c3b391c60d82efc8e9243b89ae02d-sock
java_class_path (initial): c:\Users\PC\.vscode\extensions\redhat.java-1.36.0-win32-x64\server\plugins\org.eclipse.equinox.launcher_1.6.900.v20240613-2009.jar
Launcher Type: SUN_STANDARD

[Global flags]
    uintx AdaptiveSizePolicyWeight                 = 90                                        {product} {command line}
     intx CICompilerCount                          = 12                                        {product} {ergonomic}
    uintx GCTimeRatio                              = 4                                         {product} {command line}
     bool HeapDumpOnOutOfMemoryError               = true                                   {manageable} {command line}
    ccstr HeapDumpPath                             = c:\Users\PC\AppData\Roaming\Code\User\workspaceStorage\772a5dec34df5f15b06eabc613063c15\redhat.java         {manageable} {command line}
   size_t InitialHeapSize                          = 104857600                                 {product} {command line}
   size_t MaxHeapSize                              = 1073741824                                {product} {command line}
   size_t MaxNewSize                               = 357564416                                 {product} {ergonomic}
   size_t MinHeapDeltaBytes                        = 524288                                    {product} {ergonomic}
   size_t MinHeapSize                              = 104857600                                 {product} {command line}
   size_t NewSize                                  = 34603008                                  {product} {ergonomic}
    uintx NonNMethodCodeHeapSize                   = 7602480                                {pd product} {ergonomic}
    uintx NonProfiledCodeHeapSize                  = 122027880                              {pd product} {ergonomic}
   size_t OldSize                                  = 70254592                                  {product} {ergonomic}
    uintx ProfiledCodeHeapSize                     = 122027880                              {pd product} {ergonomic}
    uintx ReservedCodeCacheSize                    = 251658240                              {pd product} {ergonomic}
     bool SegmentedCodeCache                       = true                                      {product} {ergonomic}
   size_t SoftMaxHeapSize                          = 1073741824                             {manageable} {ergonomic}
     bool UseCompressedClassPointers               = true                           {product lp64_product} {ergonomic}
     bool UseCompressedOops                        = true                           {product lp64_product} {ergonomic}
     bool UseLargePagesIndividualAllocation        = false                                  {pd product} {ergonomic}
     bool UseParallelGC                            = true                                      {product} {command line}

Logging:
Log output configuration:
 #0: stdout all=off uptime,level,tags
 #1: stderr all=off uptime,level,tags

Environment Variables:
JAVA_HOME=C:\Program Files\Java\jdk-21.0.2
PATH=C:\Program Files\Microsoft SDKs\Azure\CLI2\wbin;C:\Program Files\Microsoft MPI\Bin\;C:\Windows\system32;C:\Windows;C:\Windows\System32\Wbem;C:\Windows\System32\WindowsPowerShell\v1.0\;C:\Windows\System32\OpenSSH\;C:\Program Files\Microsoft SQL Server\150\Tools\Binn\;C:\Program Files\Microsoft SQL Server\Client SDK\ODBC\170\Tools\Binn\;C:\Program Files\dotnet\;C:\Program Files (x86)\Microsoft SQL Server\160\Tools\Binn\;C:\Program Files\Microsoft SQL Server\160\Tools\Binn\;C:\Program Files\Microsoft SQL Server\160\DTS\Binn\;C:\Program Files (x86)\Microsoft SQL Server\160\DTS\Binn\;C:\Program Files\Cloudflare\Cloudflare WARP\;C:\Program Files\Java\apache-maven-3.9.9\bin;C:\Program Files\nodejs;D:\CloudK8s\Minikube;C:\minikube;C:\Program Files\Docker\Docker\resources\bin;C:\Program Files\Git\cmd;C:\Program Files\Go\bin;C:\Program Files\Java\jdk-21.0.2;C:\Program Files\Microsoft MPI\Bin\;C:\Windows\system32;C:\Windows;C:\Windows\System32\Wbem;C:\Windows\System32\WindowsPowerShell\v1.0\;C:\Windows\System32\OpenSSH\;C:\Program Files\Docker\Docker\resources\bin;C:\Program Files\Microsoft SQL Server\150\Tools\Binn\;C:\Program Files\Microsoft SQL Server\Client SDK\ODBC\170\Tools\Binn\;C:\Program Files\dotnet\;C:\Program Files (x86)\Microsoft SQL Server\160\Tools\Binn\;C:\Program Files\Microsoft SQL Server\160\Tools\Binn\;C:\Program Files\Microsoft SQL Server\160\DTS\Binn\;C:\Program Files\Git\cmd;C:\Program Files\Cloudflare\Cloudflare WARP\;C:\Program Files\Java\apache-maven-3.9.9\bin;C:\Program Files\nodejs;C:\Users\PC\scoop\shims;C:\Users\PC\AppData\Local\Microsoft\WindowsApps;C:\Users\PC\.dotnet\tools;C:\Users\PC\AppData\Local\Programs\oh-my-posh\bin;D:\Software2\DataGrip 2024.2.2\bin;D:\Software2\IntelliJ IDEA 2024.2.3\bin;C:\Users\PC\AppData\Local\Programs\mongosh\;C:\Program Files\OpenSSL-Win64\bin;D:\Software2\WebStorm 2024.2.4\bin;;D:\VS Code\bin;C:\Program Files\Go\bin;
USERNAME=PC
OS=Windows_NT
PROCESSOR_IDENTIFIER=Intel64 Family 6 Model 154 Stepping 3, GenuineIntel
TMP=C:\Users\PC\AppData\Local\Temp
TEMP=C:\Users\PC\AppData\Local\Temp



Periodic native trim disabled


---------------  S Y S T E M  ---------------

OS:
 Windows 11 , 64 bit Build 22000 (10.0.22000.2538)
OS uptime: 0 days 14:35 hours
Hyper-V role detected

CPU: total 16 (initial active 16) (8 cores per cpu, 2 threads per core) family 6 model 154 stepping 3 microcode 0x424, cx8, cmov, fxsr, ht, mmx, 3dnowpref, sse, sse2, sse3, ssse3, sse4.1, sse4.2, popcnt, lzcnt, tsc, tscinvbit, avx, avx2, aes, erms, clmul, bmi1, bmi2, adx, sha, fma, vzeroupper, clflush, clflushopt, clwb, hv
Processor Information for all 16 processors :
  Max Mhz: 2500, Current Mhz: 2500, Mhz Limit: 2500

Memory: 4k page, system-wide physical 16075M (120M free)
TotalPageFile size 38418M (AvailPageFile size 2M)
current process WorkingSet (physical memory assigned to process): 877M, peak: 901M
current process commit charge ("private bytes"): 823M, peak: 841M

vm_info: OpenJDK 64-Bit Server VM (17.0.13+11) for windows-amd64 JRE (17.0.13+11), built on Oct 16 2024 00:10:08 by "admin" with MS VC++ 17.7 (VS2022)

END.
